Traceback (most recent call last):
  File "/media/asif/Mahbub12/QuantumBrush/effect/apply_effect.py", line 246, in <module>
    success = apply_effect(data)
  File "/media/asif/Mahbub12/QuantumBrush/effect/apply_effect.py", line 153, in apply_effect
    spec.loader.exec_module(effect_module)
    ~~~~~~~~~~~~~~~~~~~~~~~^^^^^^^^^^^^^^^
  File "<frozen importlib._bootstrap_external>", line 1026, in exec_module
  File "<frozen importlib._bootstrap>", line 488, in _call_with_frames_removed
  File "/media/asif/Mahbub12/QuantumBrush/effect/../effect/decoherence/decoherence.py", line 18, in <module>
    spec.loader.exec_module(utils)
    ~~~~~~~~~~~~~~~~~~~~~~~^^^^^^^
  File "<frozen importlib._bootstrap_external>", line 1022, in exec_module
  File "<frozen importlib._bootstrap_external>", line 1159, in get_code
  File "<frozen importlib._bootstrap_external>", line 1217, in get_data
FileNotFoundError: [Errno 2] No such file or directory: '/media/asif/Mahbub12/QuantumBrush/effect/effect/utils.py'

Failed to apply effect.
Environment color: [64 64 64], angles: (0.0, np.float32(0.7884782))
Decoherence: 3 qubits, amp=0.9, phase=0.8, steps=10
initial angles: [(np.float32(4.062808), np.float32(1.7672222)), (np.float32(6.202081), np.float32(1.6015962)), (np.float32(4.142433), np.float32(1.7429539))]
environment angles: (0.0, np.float32(0.7884782))
final angles: [(np.float64(4.765909248844005), np.float64(2.885298366426546)), (np.float64(5.7969851315284755), np.float64(1.4802797130788947)), (np.float64(3.516273853872569), np.float64(0.6077164581387174))]
Decoherence effect applied successfully
Effect applied successfully.
Environment color: [128 128 128], angles: (0.0, np.float32(1.5769564))
Decoherence: 3 qubits, amp=0.2, phase=0.1, steps=5
initial angles: [(np.float32(3.9382668), np.float32(1.676816)), (np.float32(0.05419926), np.float32(1.6015962)), (np.float32(3.9899309), np.float32(1.652196))]
environment angles: (0.0, np.float32(1.5769564))
final angles: [(np.float64(3.088545123828322), np.float64(0.880241268682344)), (np.float64(0.389383428523723), np.float64(2.072362029320964)), (np.float64(4.068887871591405), np.float64(2.010949565083709))]
Decoherence effect applied successfully
Effect applied successfully.
Environment color: [64 64 64], angles: (0.0, np.float32(0.7884782))
Decoherence: 3 qubits, amp=0.9, phase=0.8, steps=10
initial angles: [(np.float32(4.062808), np.float32(1.7672222)), (np.float32(6.202081), np.float32(1.6015962)), (np.float32(4.142433), np.float32(1.7429539))]
environment angles: (0.0, np.float32(0.7884782))
final angles: [(np.float64(4.230725302829828), np.float64(2.7209978300868896)), (np.float64(5.965549955890055), np.float64(1.2641270956351311)), (np.float64(3.701224493088886), np.float64(0.6573616967271746))]
Decoherence effect applied successfully
Effect applied successfully.
Environment color: [128 128 128], angles: (0.0, np.float32(1.5769564))
Decoherence: 3 qubits, amp=0.2, phase=0.1, steps=5
initial angles: [(np.float32(3.9382668), np.float32(1.676816)), (np.float32(0.05419926), np.float32(1.6015962)), (np.float32(3.9899309), np.float32(1.652196))]
environment angles: (0.0, np.float32(1.5769564))
final angles: [(np.float64(3.1259689249693166), np.float64(0.9348958222620061)), (np.float64(0.4362912511933235), np.float64(2.078255543216543)), (np.float64(4.119218464188317), np.float64(2.0041791647133396))]
Decoherence effect applied successfully
Effect applied successfully.
Environment color: [64 64 64], angles: (0.0, np.float32(0.7884782))
Decoherence: 3 qubits, amp=0.9, phase=0.8, steps=10
initial angles: [(np.float32(4.062808), np.float32(1.7672222)), (np.float32(6.202081), np.float32(1.6015962)), (np.float32(4.142433), np.float32(1.7429539))]
environment angles: (0.0, np.float32(0.7884782))
final angles: [(np.float64(4.236693761529697), np.float64(2.8306224476959803)), (np.float64(5.832769440102369), np.float64(1.461343864720593)), (np.float64(3.651324116616083), np.float64(0.5857941643697464))]
Decoherence effect applied successfully
Effect applied successfully.
Environment color: [128 128 128], angles: (0.0, np.float32(1.5769564))
Decoherence: 3 qubits, amp=0.2, phase=0.1, steps=5
initial angles: [(np.float32(3.9524043), np.float32(1.6941333)), (np.float32(0.17805724), np.float32(1.726392)), (np.float32(0.60981023), np.float32(2.5000231))]
environment angles: (0.0, np.float32(1.5769564))
final angles: [(np.float64(2.6572802600586245), np.float64(0.9071751986369531)), (np.float64(0.11915122538676552), np.float64(2.4244435658317576)), (np.float64(0.9333989061906213), np.float64(2.6767138398882206))]
Decoherence effect applied successfully
Effect applied successfully.
Environment color: [ 68 136 204], angles: (np.float32(3.6651914), np.float32(1.6755162))
Decoherence: 3 qubits, amp=0.5, phase=0.4, steps=8
initial angles: [(np.float32(4.197716), np.float32(1.7042836)), (np.float32(0.17749812), np.float32(1.6878474)), (np.float32(1.6355436), np.float32(1.8223355))]
environment angles: (np.float32(3.6651914), np.float32(1.6755162))
final angles: [(np.float64(3.7484254229658163), np.float64(2.2705252195058505)), (np.float64(0.7244409133078743), np.float64(0.7784682347446126)), (np.float64(5.424150038482172), np.float64(1.2421305713970414))]
Decoherence effect applied successfully
Effect applied successfully.
Environment color: [64 64 64], angles: (0.0, np.float32(0.7884782))
Decoherence: 3 qubits, amp=0.9, phase=0.8, steps=10
initial angles: [(np.float32(4.0082426), np.float32(1.7087967)), (np.float32(0.17764089), np.float32(1.738558)), (np.float32(0.60298264), np.float32(2.4882784))]
environment angles: (0.0, np.float32(0.7884782))
final angles: [(np.float64(4.480458212574334), np.float64(1.119895224861069)), (np.float64(0.21921749217108896), np.float64(2.2293400196347943)), (np.float64(5.5955140511408565), np.float64(2.2942043952177626))]
Decoherence effect applied successfully
Effect applied successfully.
