Effect applied successfully.
Traceback (most recent call last):
  File "/Users/danielbultrini/Documents/GitHub/QuantumBrush/effect/apply_effect.py", line 229, in <module>
    success = apply_effect(data)
              ^^^^^^^^^^^^^^^^^^
  File "/Users/danielbultrini/Documents/GitHub/QuantumBrush/effect/apply_effect.py", line 138, in apply_effect
    new_image = effect_module.run(req)
                ^^^^^^^^^^^^^^^^^^^^^^
  File "/Users/danielbultrini/Documents/GitHub/QuantumBrush/effect/../effect/GoL/GoL.py", line 288, in run
    nhood_s[n] = semiclassical[coord], 1-semiclassical[coord]
                 ~~~~~~~~~~~~~^^^^^^^
IndexError: invalid index to scalar variable.

Failed to apply effect.
Effect applied successfully.
Traceback (most recent call last):
  File "/Users/danielbultrini/Documents/GitHub/QuantumBrush/effect/apply_effect.py", line 229, in <module>
    success = apply_effect(data)
              ^^^^^^^^^^^^^^^^^^
  File "/Users/danielbultrini/Documents/GitHub/QuantumBrush/effect/apply_effect.py", line 136, in apply_effect
    spec.loader.exec_module(effect_module)
  File "<frozen importlib._bootstrap_external>", line 940, in exec_module
  File "<frozen importlib._bootstrap>", line 241, in _call_with_frames_removed
  File "/Users/danielbultrini/Documents/GitHub/QuantumBrush/effect/../effect/GoL/GoL.py", line 11, in <module>
    import cv2
ModuleNotFoundError: No module named 'cv2'

Failed to apply effect.
Traceback (most recent call last):
  File "/Users/danielbultrini/Documents/GitHub/QuantumBrush/effect/apply_effect.py", line 229, in <module>
    success = apply_effect(data)
              ^^^^^^^^^^^^^^^^^^
  File "/Users/danielbultrini/Documents/GitHub/QuantumBrush/effect/apply_effect.py", line 138, in apply_effect
    new_image = effect_module.run(req)
                ^^^^^^^^^^^^^^^^^^^^^^
  File "/Users/danielbultrini/Documents/GitHub/QuantumBrush/effect/../effect/GoL/GoL.py", line 295, in run
    image[key[0], key[1],:3] = np.round(colorsys.hsv_to_rgb(*after_iteration[key])*255).astype(np.uint8)
    ~~~~~^^^^^^^^^^^^^^^^^^^
ValueError: could not broadcast input array from shape (765,) into shape (3,)

Failed to apply effect.
Effect applied successfully.
Effect applied successfully.
Effect applied successfully.
Effect applied successfully.
Effect applied successfully.
Effect applied successfully.
Effect applied successfully.
Effect applied successfully.
Effect applied successfully.
Effect applied successfully.
Effect applied successfully.
Effect applied successfully.
Traceback (most recent call last):
  File "/Users/danielbultrini/Documents/GitHub/QuantumBrush/effect/apply_effect.py", line 223, in <module>
    data = process_effect(instructions)
           ^^^^^^^^^^^^^^^^^^^^^^^^^^^^
  File "/Users/danielbultrini/Documents/GitHub/QuantumBrush/effect/apply_effect.py", line 95, in process_effect
    raise KeyError(f"Key '{key}' not found in user_input field of stroke instructions.")
KeyError: "Key 'Permutation' not found in user_input field of stroke instructions."

Failed to apply effect.
Traceback (most recent call last):
  File "/Users/danielbultrini/Documents/GitHub/QuantumBrush/effect/apply_effect.py", line 223, in <module>
    data = process_effect(instructions)
           ^^^^^^^^^^^^^^^^^^^^^^^^^^^^
  File "/Users/danielbultrini/Documents/GitHub/QuantumBrush/effect/apply_effect.py", line 95, in process_effect
    raise KeyError(f"Key '{key}' not found in user_input field of stroke instructions.")
KeyError: "Key 'Mapping' not found in user_input field of stroke instructions."

Failed to apply effect.
Effect applied successfully.
Effect applied successfully.
Effect applied successfully.
Effect applied successfully.
Effect applied successfully.
Effect applied successfully.
Effect applied successfully.
Effect applied successfully.
Effect applied successfully.
Effect applied successfully.
Effect applied successfully.
Effect applied successfully.
Effect applied successfully.
Effect applied successfully.
Effect applied successfully.
Effect applied successfully.
Effect applied successfully.
Effect applied successfully.
Effect applied successfully.
Effect applied successfully.
Effect applied successfully.
Effect applied successfully.
Effect applied successfully.
Effect applied successfully.
Effect applied successfully.
